INFO:root:started execution at 2021-01-10 17:43:10.975494
INFO:root:Acquired file name
INFO:root:Loaded action dict
INFO:root:Loaded child id:0 kind:None Shape:<rect(214, 196, 77, 44)>
INFO:root:Loaded child id:1 kind:None Shape:<rect(212, 196, 1, 44)>
INFO:root:Loaded child id:2 kind:None Shape:<rect(292, 195, 48, 46)>
INFO:root:Loaded child id:3 kind:None Shape:<rect(112, 150, 179, 165)>
INFO:root:Loaded child id:4 kind:None Shape:<rect(62, 58, 29, 53)>
INFO:root:Loaded child id:5 kind:None Shape:<rect(62, 58, 29, 53)>
INFO:root:Loaded child id:6 kind:None Shape:<rect(153, 43, 100, 77)>
INFO:root:Loaded child id:7 kind:None Shape:<rect(241, 77, 3, 4)>
INFO:root:Loaded child id:8 kind:None Shape:<rect(93, 21, 35, 21)>
INFO:root:Loaded child id:9 kind:None Shape:<rect(93, 21, 35, 21)>
INFO:root:loaded all children
INFO:root:Creating hierarchy. There are 10 nodes to order
INFO:root:Computing Node relationship 1 of 10
INFO:root:Computing Node relationship 2 of 10
INFO:root:Computing Node relationship 3 of 10
INFO:root:Computing Node relationship 4 of 10
INFO:root:Computing Node relationship 5 of 10
INFO:root:Computing Node relationship 6 of 10
INFO:root:Computing Node relationship 7 of 10
INFO:root:Computing Node relationship 8 of 10
INFO:root:Computing Node relationship 9 of 10
INFO:root:Computing Node relationship 10 of 10
INFO:root:Created hierarchy!
INFO:root:Generating texture for shape 0 with kind uniform
INFO:root:Getting indices for shape id:0 kind:uniform Shape:<rect(214, 196, 77, 44)> and viewing window <rect(0, 0, 500, 500)>
INFO:root:Indices are 214, 291, 196, 240
INFO:root:Generating texture for shape 1 with kind uniform
INFO:root:Getting indices for shape id:1 kind:uniform Shape:<rect(212, 196, 1, 44)> and viewing window <rect(0, 0, 500, 500)>
INFO:root:Indices are 212, 213, 196, 240
INFO:root:Generating texture for shape 2 with kind uniform
INFO:root:Getting indices for shape id:2 kind:uniform Shape:<rect(292, 195, 48, 46)> and viewing window <rect(0, 0, 500, 500)>
INFO:root:Indices are 292, 340, 195, 241
INFO:root:Generating texture for shape 3 with kind uniform
INFO:root:Getting indices for shape id:3 kind:uniform Shape:<rect(112, 150, 179, 165)> and viewing window <rect(0, 0, 500, 500)>
INFO:root:Indices are 112, 291, 150, 315
INFO:root:Generating texture for shape 4 with kind uniform
INFO:root:Getting indices for shape id:4 kind:uniform Shape:<rect(62, 58, 29, 53)> and viewing window <rect(0, 0, 500, 500)>
INFO:root:Indices are 62, 91, 58, 111
INFO:root:Generating texture for shape 5 with kind uniform
INFO:root:Getting indices for shape id:5 kind:uniform Shape:<rect(62, 58, 29, 53)> and viewing window <rect(0, 0, 500, 500)>
INFO:root:Indices are 62, 91, 58, 111
INFO:root:Generating texture for shape 6 with kind uniform
INFO:root:Getting indices for shape id:6 kind:uniform Shape:<rect(153, 43, 100, 77)> and viewing window <rect(0, 0, 500, 500)>
INFO:root:Indices are 153, 253, 43, 120
INFO:root:Generating texture for shape 7 with kind uniform
INFO:root:Getting indices for shape id:7 kind:uniform Shape:<rect(241, 77, 3, 4)> and viewing window <rect(0, 0, 500, 500)>
INFO:root:Indices are 241, 244, 77, 81
INFO:root:Generating texture for shape 8 with kind uniform
INFO:root:Getting indices for shape id:8 kind:uniform Shape:<rect(93, 21, 35, 21)> and viewing window <rect(0, 0, 500, 500)>
INFO:root:Indices are 93, 128, 21, 42
INFO:root:Generating texture for shape 9 with kind uniform
INFO:root:Getting indices for shape id:9 kind:uniform Shape:<rect(93, 21, 35, 21)> and viewing window <rect(0, 0, 500, 500)>
INFO:root:Indices are 93, 128, 21, 42
INFO:root:Acquired file name
INFO:root:Loaded action dict
INFO:root:Loaded child id:0 kind:None Shape:<rect(214, 196, 77, 44)>
INFO:root:Loaded child id:1 kind:None Shape:<rect(212, 196, 1, 44)>
INFO:root:Loaded child id:2 kind:None Shape:<rect(292, 195, 48, 46)>
INFO:root:Loaded child id:3 kind:None Shape:<rect(112, 150, 179, 165)>
INFO:root:Loaded child id:4 kind:None Shape:<rect(62, 58, 29, 53)>
INFO:root:Loaded child id:5 kind:None Shape:<rect(62, 58, 29, 53)>
INFO:root:Loaded child id:6 kind:None Shape:<rect(153, 43, 100, 77)>
INFO:root:Loaded child id:7 kind:None Shape:<rect(241, 77, 3, 4)>
INFO:root:Loaded child id:8 kind:None Shape:<rect(93, 21, 35, 21)>
INFO:root:Loaded child id:9 kind:None Shape:<rect(93, 21, 35, 21)>
INFO:root:loaded all children
INFO:root:Creating hierarchy. There are 10 nodes to order
INFO:root:Computing Node relationship 1 of 10
INFO:root:Computing Node relationship 2 of 10
INFO:root:Computing Node relationship 3 of 10
INFO:root:Computing Node relationship 4 of 10
INFO:root:Computing Node relationship 5 of 10
INFO:root:Computing Node relationship 6 of 10
INFO:root:Computing Node relationship 7 of 10
INFO:root:Computing Node relationship 8 of 10
INFO:root:Computing Node relationship 9 of 10
INFO:root:Computing Node relationship 10 of 10
INFO:root:Created hierarchy!
INFO:root:Generating texture for shape 0 with kind one_direction
INFO:root:Getting indices for shape id:0 kind:one_direction Shape:<rect(214, 196, 77, 44)> and viewing window <rect(0, 0, 500, 500)>
INFO:root:Indices are 214, 291, 196, 240
INFO:root:Generating texture for shape 1 with kind one_direction
INFO:root:Getting indices for shape id:1 kind:one_direction Shape:<rect(212, 196, 1, 44)> and viewing window <rect(0, 0, 500, 500)>
INFO:root:Indices are 212, 213, 196, 240
INFO:root:Generating texture for shape 2 with kind no_edges
INFO:root:Getting indices for shape id:2 kind:no_edges Shape:<rect(292, 195, 48, 46)> and viewing window <rect(0, 0, 500, 500)>
INFO:root:Indices are 292, 340, 195, 241
INFO:root:Generating texture for shape 3 with kind one_direction
INFO:root:Getting indices for shape id:3 kind:one_direction Shape:<rect(112, 150, 179, 165)> and viewing window <rect(0, 0, 500, 500)>
INFO:root:Indices are 112, 291, 150, 315
INFO:root:Generating texture for shape 4 with kind one_direction
INFO:root:Getting indices for shape id:4 kind:one_direction Shape:<rect(62, 58, 29, 53)> and viewing window <rect(0, 0, 500, 500)>
INFO:root:Indices are 62, 91, 58, 111
INFO:root:Generating texture for shape 5 with kind one_direction
INFO:root:Getting indices for shape id:5 kind:one_direction Shape:<rect(62, 58, 29, 53)> and viewing window <rect(0, 0, 500, 500)>
INFO:root:Indices are 62, 91, 58, 111
INFO:root:Generating texture for shape 6 with kind one_direction
INFO:root:Getting indices for shape id:6 kind:one_direction Shape:<rect(153, 43, 100, 77)> and viewing window <rect(0, 0, 500, 500)>
INFO:root:Indices are 153, 253, 43, 120
INFO:root:Generating texture for shape 7 with kind one_direction
INFO:root:Getting indices for shape id:7 kind:one_direction Shape:<rect(241, 77, 3, 4)> and viewing window <rect(0, 0, 500, 500)>
INFO:root:Indices are 241, 244, 77, 81
INFO:root:Generating texture for shape 8 with kind one_direction
INFO:root:Getting indices for shape id:8 kind:one_direction Shape:<rect(93, 21, 35, 21)> and viewing window <rect(0, 0, 500, 500)>
INFO:root:Indices are 93, 128, 21, 42
INFO:root:Generating texture for shape 9 with kind one_direction
INFO:root:Getting indices for shape id:9 kind:one_direction Shape:<rect(93, 21, 35, 21)> and viewing window <rect(0, 0, 500, 500)>
INFO:root:Indices are 93, 128, 21, 42
INFO:root:started execution at 2021-01-10 19:35:21.457455
INFO:root:started execution at 2021-01-10 19:35:33.604150
INFO:root:started execution at 2021-01-10 19:40:14.123195
INFO:root:started execution at 2021-01-10 19:40:36.717487
INFO:root:Acquired file name
INFO:root:Loaded action dict
INFO:root:Detected 2 children. Loading
INFO:root:Loaded child id:0 kind:None Shape:<rect(50, 50, 200, 100)>
INFO:root:Loaded child id:1 kind:None Shape:<rect(260, 50, 150, 80)>
INFO:root:loaded all children
INFO:root:Creating hierarchy. There are 2 nodes to order
INFO:root:Computing Node relationship 1 of 2
INFO:root:Computing Node relationship 2 of 2
INFO:root:Created hierarchy!
INFO:root:Generating texture for shape 0 with kind uniform
INFO:root:Getting indices for shape id:0 kind:uniform Shape:<rect(50, 50, 200, 100)> and viewing window <rect(0, 0, 500, 500)>
INFO:root:Indices are 50, 250, 50, 150
INFO:root:Generating texture for shape 1 with kind uniform
INFO:root:Getting indices for shape id:1 kind:uniform Shape:<rect(260, 50, 150, 80)> and viewing window <rect(0, 0, 500, 500)>
INFO:root:Indices are 260, 410, 50, 130
INFO:root:started execution at 2021-01-10 19:41:14.601654
INFO:root:Acquired file name
INFO:root:Loaded action dict
INFO:root:Detected 2 children. Loading
INFO:root:Loaded child id:0 kind:None Shape:<rect(50, 50, 200, 100)>
INFO:root:Loaded child id:1 kind:None Shape:<rect(260, 50, 150, 80)>
INFO:root:loaded all children
INFO:root:Creating hierarchy. There are 2 nodes to order
INFO:root:Computing Node relationship 1 of 2
INFO:root:Computing Node relationship 2 of 2
INFO:root:Created hierarchy!
INFO:root:Generating texture for shape 0 with kind uniform
INFO:root:Getting indices for shape id:0 kind:uniform Shape:<rect(50, 50, 200, 100)> and viewing window <rect(0, 0, 500, 500)>
INFO:root:Indices are 50, 250, 50, 150
INFO:root:Generating texture for shape 1 with kind uniform
INFO:root:Getting indices for shape id:1 kind:uniform Shape:<rect(260, 50, 150, 80)> and viewing window <rect(0, 0, 500, 500)>
INFO:root:Indices are 260, 410, 50, 130
INFO:root:started execution at 2021-01-10 19:41:57.857128
INFO:root:Acquired file name
INFO:root:Loaded action dict
INFO:root:Detected 3 children. Loading
INFO:root:Loaded child id:0 kind:None Shape:<rect(51, 50, 137, 170)>
INFO:root:Loaded child id:1 kind:None Shape:<rect(67, 129, 43, 58)>
INFO:root:Loaded child id:2 kind:None Shape:<rect(81, 68, 137, 25)>
INFO:root:loaded all children
INFO:root:Creating hierarchy. There are 3 nodes to order
INFO:root:Computing Node relationship 1 of 3
INFO:root:Computing Node relationship 2 of 3
INFO:root:Computing Node relationship 3 of 3
INFO:root:Created hierarchy!
INFO:root:Generating texture for shape 0 with kind uniform
INFO:root:Getting indices for shape id:0 kind:uniform Shape:<rect(51, 50, 137, 170)> and viewing window <rect(0, 0, 500, 500)>
INFO:root:Indices are 51, 188, 50, 220
INFO:root:Generating texture for shape 1 with kind uniform
INFO:root:Getting indices for shape id:1 kind:uniform Shape:<rect(67, 129, 43, 58)> and viewing window <rect(0, 0, 500, 500)>
INFO:root:Indices are 67, 110, 129, 187
INFO:root:Generating texture for shape 2 with kind uniform
INFO:root:Getting indices for shape id:2 kind:uniform Shape:<rect(81, 68, 137, 25)> and viewing window <rect(0, 0, 500, 500)>
INFO:root:Indices are 81, 218, 68, 93
INFO:root:Acquired file name
INFO:root:Loaded action dict
INFO:root:Detected 3 children. Loading
INFO:root:Loaded child id:0 kind:None Shape:<rect(51, 50, 137, 170)>
INFO:root:Loaded child id:1 kind:None Shape:<rect(67, 129, 43, 58)>
INFO:root:Loaded child id:2 kind:None Shape:<rect(81, 68, 137, 25)>
INFO:root:loaded all children
INFO:root:Creating hierarchy. There are 3 nodes to order
INFO:root:Computing Node relationship 1 of 3
INFO:root:Computing Node relationship 2 of 3
INFO:root:Computing Node relationship 3 of 3
INFO:root:Created hierarchy!
INFO:root:Generating texture for shape 0 with kind uniform
INFO:root:Getting indices for shape id:0 kind:uniform Shape:<rect(51, 50, 137, 170)> and viewing window <rect(0, 0, 500, 500)>
INFO:root:Indices are 51, 188, 50, 220
INFO:root:Generating texture for shape 1 with kind uniform
INFO:root:Getting indices for shape id:1 kind:uniform Shape:<rect(67, 129, 43, 58)> and viewing window <rect(0, 0, 500, 500)>
INFO:root:Indices are 67, 110, 129, 187
INFO:root:Generating texture for shape 2 with kind uniform
INFO:root:Getting indices for shape id:2 kind:uniform Shape:<rect(81, 68, 137, 25)> and viewing window <rect(0, 0, 500, 500)>
INFO:root:Indices are 81, 218, 68, 93
INFO:root:Acquired file name
INFO:root:Loaded action dict
INFO:root:Detected 50 children. Loading
INFO:root:Loaded child id:0 kind:None Shape:<rect(160, 852, 1032, 725)>
INFO:root:Loaded child id:1 kind:None Shape:<rect(177, 1697, 200, 464)>
INFO:root:Loaded child id:2 kind:None Shape:<rect(359, 1141, 694, 422)>
INFO:root:Loaded child id:3 kind:None Shape:<rect(251, 1651, 115, 636)>
INFO:root:Loaded child id:4 kind:None Shape:<rect(186, 1437, 447, 772)>
INFO:root:Loaded child id:5 kind:None Shape:<rect(441, 1456, 427, 246)>
INFO:root:Loaded child id:6 kind:None Shape:<rect(379, 1076, 430, 253)>
INFO:root:Loaded child id:7 kind:None Shape:<rect(498, 129, 1681, 306)>
INFO:root:Loaded child id:8 kind:None Shape:<rect(8, 295, 788, 102)>
INFO:root:Loaded child id:9 kind:None Shape:<rect(404, 499, 549, 23)>
INFO:root:Loaded child id:10 kind:None Shape:<rect(665, 215, 72, 95)>
INFO:root:Loaded child id:11 kind:None Shape:<rect(419, 264, 88, 372)>
INFO:root:Loaded child id:12 kind:None Shape:<rect(552, 322, 966, 284)>
INFO:root:Loaded child id:13 kind:None Shape:<rect(261, 130, 504, 87)>
INFO:root:Loaded child id:14 kind:None Shape:<rect(948, 468, 29, 10)>
INFO:root:Loaded child id:15 kind:None Shape:<rect(812, 127, 1720, 71)>
INFO:root:Loaded child id:16 kind:None Shape:<rect(889, 796, 331, 143)>
INFO:root:Loaded child id:17 kind:None Shape:<rect(464, 264, 1244, 431)>
INFO:root:Loaded child id:18 kind:None Shape:<rect(152, 1476, 44, 450)>
INFO:root:Loaded child id:19 kind:None Shape:<rect(233, 336, 1203, 71)>
INFO:root:Loaded child id:20 kind:None Shape:<rect(904, 1109, 12, 105)>
INFO:root:Loaded child id:21 kind:None Shape:<rect(199, 315, 852, 428)>
INFO:root:Loaded child id:22 kind:None Shape:<rect(83, 295, 1611, 572)>
INFO:root:Loaded child id:23 kind:None Shape:<rect(358, 1054, 389, 1)>
INFO:root:Loaded child id:24 kind:None Shape:<rect(120, 78, 671, 37)>
INFO:root:Loaded child id:25 kind:None Shape:<rect(298, 621, 1085, 402)>
INFO:root:Loaded child id:26 kind:None Shape:<rect(88, 602, 562, 48)>
INFO:root:Loaded child id:27 kind:None Shape:<rect(92, 1065, 735, 888)>
INFO:root:Loaded child id:28 kind:None Shape:<rect(106, 680, 398, 939)>
INFO:root:Loaded child id:29 kind:None Shape:<rect(121, 188, 1668, 119)>
INFO:root:Loaded child id:30 kind:None Shape:<rect(156, 790, 416, 205)>
INFO:root:Loaded child id:31 kind:None Shape:<rect(146, 1170, 423, 383)>
INFO:root:Loaded child id:32 kind:None Shape:<rect(33, 1221, 512, 448)>
INFO:root:Loaded child id:33 kind:None Shape:<rect(322, 1518, 91, 142)>
INFO:root:Loaded child id:34 kind:None Shape:<rect(770, 1305, 496, 171)>
INFO:root:Loaded child id:35 kind:None Shape:<rect(127, 410, 483, 212)>
INFO:root:Loaded child id:36 kind:None Shape:<rect(678, 1067, 526, 43)>
INFO:root:Loaded child id:37 kind:None Shape:<rect(704, 926, 494, 97)>
INFO:root:Loaded child id:38 kind:None Shape:<rect(179, 604, 955, 164)>
INFO:root:Loaded child id:39 kind:None Shape:<rect(211, 633, 517, 343)>
INFO:root:Loaded child id:40 kind:None Shape:<rect(737, 48, 237, 302)>
INFO:root:Loaded child id:41 kind:None Shape:<rect(468, 3, 1037, 380)>
INFO:root:Loaded child id:42 kind:None Shape:<rect(152, 464, 1032, 622)>
INFO:root:Loaded child id:43 kind:None Shape:<rect(130, 316, 964, 904)>
INFO:root:Loaded child id:44 kind:None Shape:<rect(59, 805, 190, 825)>
INFO:root:Loaded child id:45 kind:None Shape:<rect(112, 921, 558, 297)>
INFO:root:Loaded child id:46 kind:None Shape:<rect(919, 1697, 95, 15)>
INFO:root:Loaded child id:47 kind:None Shape:<rect(145, 659, 1007, 95)>
INFO:root:Loaded child id:48 kind:None Shape:<rect(65, 834, 737, 183)>
INFO:root:Loaded child id:49 kind:None Shape:<rect(92, 725, 807, 446)>
INFO:root:loaded all children
INFO:root:Creating hierarchy. There are 50 nodes to order
INFO:root:Computing Node relationship 1 of 50
INFO:root:Computing Node relationship 2 of 50
INFO:root:Computing Node relationship 3 of 50
INFO:root:Computing Node relationship 4 of 50
INFO:root:Computing Node relationship 5 of 50
INFO:root:Computing Node relationship 6 of 50
INFO:root:Computing Node relationship 7 of 50
INFO:root:Computing Node relationship 8 of 50
INFO:root:Computing Node relationship 9 of 50
INFO:root:Computing Node relationship 10 of 50
INFO:root:Computing Node relationship 11 of 50
INFO:root:Computing Node relationship 12 of 50
INFO:root:Computing Node relationship 13 of 50
INFO:root:Computing Node relationship 14 of 50
INFO:root:Computing Node relationship 15 of 50
INFO:root:Computing Node relationship 16 of 50
INFO:root:Computing Node relationship 17 of 50
INFO:root:Computing Node relationship 18 of 50
INFO:root:Computing Node relationship 19 of 50
INFO:root:Computing Node relationship 20 of 50
INFO:root:Computing Node relationship 21 of 50
INFO:root:Computing Node relationship 22 of 50
INFO:root:Computing Node relationship 23 of 50
INFO:root:Computing Node relationship 24 of 50
INFO:root:Computing Node relationship 25 of 50
INFO:root:Computing Node relationship 26 of 50
INFO:root:Computing Node relationship 27 of 50
INFO:root:Computing Node relationship 28 of 50
INFO:root:Computing Node relationship 29 of 50
INFO:root:Computing Node relationship 30 of 50
INFO:root:Computing Node relationship 31 of 50
INFO:root:Computing Node relationship 32 of 50
INFO:root:Computing Node relationship 33 of 50
INFO:root:Computing Node relationship 34 of 50
INFO:root:Computing Node relationship 35 of 50
INFO:root:Computing Node relationship 36 of 50
INFO:root:Computing Node relationship 37 of 50
INFO:root:Computing Node relationship 38 of 50
INFO:root:Computing Node relationship 39 of 50
INFO:root:Computing Node relationship 40 of 50
INFO:root:Computing Node relationship 41 of 50
INFO:root:Computing Node relationship 42 of 50
INFO:root:Computing Node relationship 43 of 50
INFO:root:Computing Node relationship 44 of 50
INFO:root:Computing Node relationship 45 of 50
INFO:root:Computing Node relationship 46 of 50
INFO:root:Computing Node relationship 47 of 50
INFO:root:Computing Node relationship 48 of 50
INFO:root:Computing Node relationship 49 of 50
INFO:root:Computing Node relationship 50 of 50
INFO:root:Created hierarchy!
INFO:root:Generating texture for shape 7 with kind mutual
INFO:root:Getting indices for shape id:7 kind:mutual Shape:<rect(498, 129, 1681, 306)> and viewing window <rect(0, 0, 500, 500)>
INFO:root:Indices are 498, 500, 129, 435
INFO:root:Generating texture for shape 8 with kind mutual
INFO:root:Getting indices for shape id:8 kind:mutual Shape:<rect(8, 295, 788, 102)> and viewing window <rect(0, 0, 500, 500)>
INFO:root:Indices are 8, 500, 295, 397
INFO:root:Generating texture for shape 9 with kind mutual
INFO:root:Getting indices for shape id:9 kind:mutual Shape:<rect(404, 499, 549, 23)> and viewing window <rect(0, 0, 500, 500)>
INFO:root:Indices are 404, 500, 499, 500
INFO:root:Generating texture for shape 11 with kind mutual
INFO:root:Getting indices for shape id:11 kind:mutual Shape:<rect(419, 264, 88, 372)> and viewing window <rect(0, 0, 500, 500)>
INFO:root:Indices are 419, 500, 264, 500
INFO:root:Generating texture for shape 13 with kind mutual
INFO:root:Getting indices for shape id:13 kind:mutual Shape:<rect(261, 130, 504, 87)> and viewing window <rect(0, 0, 500, 500)>
INFO:root:Indices are 261, 500, 130, 217
INFO:root:Generating texture for shape 17 with kind mutual
INFO:root:Getting indices for shape id:17 kind:mutual Shape:<rect(464, 264, 1244, 431)> and viewing window <rect(0, 0, 500, 500)>
INFO:root:Indices are 464, 500, 264, 500
INFO:root:Generating texture for shape 19 with kind mutual
INFO:root:Getting indices for shape id:19 kind:mutual Shape:<rect(233, 336, 1203, 71)> and viewing window <rect(0, 0, 500, 500)>
INFO:root:Indices are 233, 500, 336, 407
INFO:root:Generating texture for shape 21 with kind mutual
INFO:root:Getting indices for shape id:21 kind:mutual Shape:<rect(199, 315, 852, 428)> and viewing window <rect(0, 0, 500, 500)>
INFO:root:Indices are 199, 500, 315, 500
INFO:root:Generating texture for shape 22 with kind mutual
INFO:root:Getting indices for shape id:22 kind:mutual Shape:<rect(83, 295, 1611, 572)> and viewing window <rect(0, 0, 500, 500)>
INFO:root:Indices are 83, 500, 295, 500
INFO:root:Generating texture for shape 24 with kind mutual
INFO:root:Getting indices for shape id:24 kind:mutual Shape:<rect(120, 78, 671, 37)> and viewing window <rect(0, 0, 500, 500)>
INFO:root:Indices are 120, 500, 78, 115
INFO:root:Generating texture for shape 29 with kind mutual
INFO:root:Getting indices for shape id:29 kind:mutual Shape:<rect(121, 188, 1668, 119)> and viewing window <rect(0, 0, 500, 500)>
INFO:root:Indices are 121, 500, 188, 307
INFO:root:Generating texture for shape 35 with kind mutual
INFO:root:Getting indices for shape id:35 kind:mutual Shape:<rect(127, 410, 483, 212)> and viewing window <rect(0, 0, 500, 500)>
INFO:root:Indices are 127, 500, 410, 500
INFO:root:Generating texture for shape 41 with kind mutual
INFO:root:Getting indices for shape id:41 kind:mutual Shape:<rect(468, 3, 1037, 380)> and viewing window <rect(0, 0, 500, 500)>
INFO:root:Indices are 468, 500, 3, 383
INFO:root:Generating texture for shape 42 with kind mutual
INFO:root:Getting indices for shape id:42 kind:mutual Shape:<rect(152, 464, 1032, 622)> and viewing window <rect(0, 0, 500, 500)>
INFO:root:Indices are 152, 500, 464, 500
INFO:root:Generating texture for shape 43 with kind mutual
INFO:root:Getting indices for shape id:43 kind:mutual Shape:<rect(130, 316, 964, 904)> and viewing window <rect(0, 0, 500, 500)>
INFO:root:Indices are 130, 500, 316, 500
